d:\programming\lib\mdpl\debug\vc142.pdb
d:\programming\lib\mdpl\debug\vc142.idb
d:\programming\lib\mdpl\debug\source1.obj
d:\programming\lib\mdpl\debug\source.obj
d:\programming\lib\mdpl\debug\lab.obj
d:\programming\lib\mdpl\debug\ex2.obj
d:\programming\lib\mdpl\debug\source2.obj
d:\programming\lib\mdpl\debug\obj1.obj
d:\programming\lib\mdpl\debug\obj2.obj
d:\programming\lib\mdpl\debug\lab3.obj
d:\programming\lib\mdpl\debug\lab_rustam_5.obj
d:\programming\lib\mdpl\debug\mdpl.exe
d:\programming\lib\mdpl\debug\mdpl.ilk
d:\programming\lib\mdpl\debug\mdpl.pdb
d:\programming\lib\mdpl\debug\lab.obj.enc
d:\programming\lib\mdpl\debug\mdpl.tlog\cl.command.1.tlog
d:\programming\lib\mdpl\debug\mdpl.tlog\cl.read.1.tlog
d:\programming\lib\mdpl\debug\mdpl.tlog\cl.write.1.tlog
d:\programming\lib\mdpl\debug\mdpl.tlog\link.command.1.tlog
d:\programming\lib\mdpl\debug\mdpl.tlog\link.read.1.tlog
d:\programming\lib\mdpl\debug\mdpl.tlog\link.write.1.tlog
